mode: set
go1/services/env/jwt_env.go:12.36,17.2 1 1
go1/services/env/jwt_env.go:19.29,24.2 1 1
go1/services/jwt_service/jwt_service.go:14.47,38.16 5 1
go1/services/jwt_service/jwt_service.go:38.16,41.3 2 0
go1/services/jwt_service/jwt_service.go:43.2,43.25 1 1
go1/services/jwt_service/jwt_service.go:46.58,47.112 1 1
go1/services/jwt_service/jwt_service.go:47.112,50.3 1 1
go1/services/jwt_service/jwt_service.go:51.2,51.16 1 1
go1/services/jwt_service/jwt_service.go:51.16,53.3 1 1
go1/services/jwt_service/jwt_service.go:54.2,54.69 1 1
go1/services/jwt_service/jwt_service.go:54.69,56.3 1 1
go1/services/jwt_service/jwt_service.go:56.8,58.3 1 0
go1/services/jwt_service/user_gen_jwt.go:12.61,17.2 1 1
go1/usecase/login_form.go:10.52,13.2 2 1
go1/services/password/password.go:9.53,11.16 2 1
go1/services/password/password.go:11.16,13.3 1 0
go1/services/password/password.go:15.2,15.36 1 1
go1/services/password/password.go:18.70,20.16 2 1
go1/services/password/password.go:20.16,21.10 1 1
go1/services/password/password.go:22.60,23.21 1 1
go1/services/password/password.go:24.11,25.21 1 0
go1/services/password/password.go:29.2,29.18 1 1
